# JRE version: Java(TM) SE Runtime Environment (8.0_101-b13) (build 1.8.0_101-b13)
# Java VM: Java HotSpot(TM) 64-Bit Server VM (25.101-b13 mixed mode windows-amd64 compressed oops)
Heap:
 PSYoungGen      total 185856K, used 9271K [0x000000078ab00000, 0x0000000797700000, 0x00000007c0000000)
  eden space 163840K, 0% used [0x000000078ab00000,0x000000078ab00000,0x0000000794b00000)
  from space 22016K, 42% used [0x0000000796180000,0x0000000796a8dd88,0x0000000797700000)
  to   space 22528K, 0% used [0x0000000794b00000,0x0000000794b00000,0x0000000796100000)
 ParOldGen       total 109568K, used 38491K [0x0000000720000000, 0x0000000726b00000, 0x000000078ab00000)
  object space 109568K, 35% used [0x0000000720000000,0x0000000722596eb8,0x0000000726b00000)
 Metaspace       used 20841K, capacity 21074K, committed 21248K, reserved 1067008K
  class space    used 2719K, capacity 2809K, committed 2816K, reserved 1048576K
GC Heap History (10 events):
Event: 3.125 GC heap after
Heap after GC invocations=2 (full 0):
 PSYoungGen      total 47616K, used 6656K [0x000000078ab00000, 0x0000000790800000, 0x00000007c0000000)
  eden space 40960K, 0% used [0x000000078ab00000,0x000000078ab00000,0x000000078d300000)
  from space 6656K, 100% used [0x000000078d980000,0x000000078e000000,0x000000078e000000)
  to   space 6656K, 0% used [0x000000078d300000,0x000000078d300000,0x000000078d980000)
 ParOldGen       total 109568K, used 8307K [0x0000000720000000, 0x0000000726b00000, 0x000000078ab00000)
  object space 109568K, 7% used [0x0000000720000000,0x000000072081cdc0,0x0000000726b00000)
 Metaspace       used 12136K, capacity 12338K, committed 12672K, reserved 1060864K
  class space    used 1502K, capacity 1573K, committed 1664K, reserved 1048576K
}
Event: 4.136 GC heap before
{Heap before GC invocations=3 (full 0):
 PSYoungGen      total 47616K, used 47616K [0x000000078ab00000, 0x0000000790800000, 0x00000007c0000000)
  eden space 40960K, 100% used [0x000000078ab00000,0x000000078d300000,0x000000078d300000)
  from space 6656K, 100% used [0x000000078d980000,0x000000078e000000,0x000000078e000000)
  to   space 6656K, 0% used [0x000000078d300000,0x000000078d300000,0x000000078d980000)
 ParOldGen       total 109568K, used 8307K [0x0000000720000000, 0x0000000726b00000, 0x000000078ab00000)
  object space 109568K, 7% used [0x0000000720000000,0x000000072081cdc0,0x0000000726b00000)
 Metaspace       used 14661K, capacity 14840K, committed 14976K, reserved 1062912K
  class space    used 1812K, capacity 1894K, committed 1920K, reserved 1048576K
Event: 4.191 GC heap after
Heap after GC invocations=3 (full 0):
 PSYoungGen      total 47616K, used 6656K [0x000000078ab00000, 0x0000000790800000, 0x00000007c0000000)
  eden space 40960K, 0% used [0x000000078ab00000,0x000000078ab00000,0x000000078d300000)
  from space 6656K, 100% used [0x000000078d300000,0x000000078d980000,0x000000078d980000)
  to   space 6656K, 0% used [0x0000000790180000,0x0000000790180000,0x0000000790800000)
 ParOldGen       total 109568K, used 16300K [0x0000000720000000, 0x0000000726b00000, 0x000000078ab00000)
  object space 109568K, 14% used [0x0000000720000000,0x0000000720feb0f0,0x0000000726b00000)
 Metaspace       used 14661K, capacity 14840K, committed 14976K, reserved 1062912K
  class space    used 1812K, capacity 1894K, committed 1920K, reserved 1048576K
}
Event: 5.305 GC heap before
{Heap before GC invocations=4 (full 0):
 PSYoungGen      total 47616K, used 47616K [0x000000078ab00000, 0x0000000790800000, 0x00000007c0000000)
  eden space 40960K, 100% used [0x000000078ab00000,0x000000078d300000,0x000000078d300000)
  from space 6656K, 100% used [0x000000078d300000,0x000000078d980000,0x000000078d980000)
  to   space 6656K, 0% used [0x0000000790180000,0x0000000790180000,0x0000000790800000)
 ParOldGen       total 109568K, used 16300K [0x0000000720000000, 0x0000000726b00000, 0x000000078ab00000)
  object space 109568K, 14% used [0x0000000720000000,0x0000000720feb0f0,0x0000000726b00000)
 Metaspace       used 15703K, capacity 15896K, committed 16256K, reserved 1062912K
  class space    used 1985K, capacity 2054K, committed 2176K, reserved 1048576K
Event: 5.375 GC heap after
Heap after GC invocations=4 (full 0):
 PSYoungGen      total 88576K, used 6656K [0x000000078ab00000, 0x0000000790800000, 0x00000007c0000000)
  eden space 81920K, 0% used [0x000000078ab00000,0x000000078ab00000,0x000000078fb00000)
  from space 6656K, 100% used [0x0000000790180000,0x0000000790800000,0x0000000790800000)
  to   space 6656K, 0% used [0x000000078fb00000,0x000000078fb00000,0x0000000790180000)
 ParOldGen       total 109568K, used 24444K [0x0000000720000000, 0x0000000726b00000, 0x000000078ab00000)
  object space 109568K, 22% used [0x0000000720000000,0x00000007217df100,0x0000000726b00000)
 Metaspace       used 15703K, capacity 15896K, committed 16256K, reserved 1062912K
  class space    used 1985K, capacity 2054K, committed 2176K, reserved 1048576K
}
Event: 8.281 GC heap before
{Heap before GC invocations=5 (full 0):
 PSYoungGen      total 88576K, used 88576K [0x000000078ab00000, 0x0000000790800000, 0x00000007c0000000)
  eden space 81920K, 100% used [0x000000078ab00000,0x000000078fb00000,0x000000078fb00000)
  from space 6656K, 100% used [0x0000000790180000,0x0000000790800000,0x0000000790800000)
  to   space 6656K, 0% used [0x000000078fb00000,0x000000078fb00000,0x0000000790180000)
 ParOldGen       total 109568K, used 24444K [0x0000000720000000, 0x0000000726b00000, 0x000000078ab00000)
  object space 109568K, 22% used [0x0000000720000000,0x00000007217df100,0x0000000726b00000)
 Metaspace       used 18686K, capacity 18952K, committed 19200K, reserved 1067008K
  class space    used 2464K, capacity 2550K, committed 2560K, reserved 1048576K
Event: 8.344 GC heap after
Heap after GC invocations=5 (full 0):
 PSYoungGen      total 88576K, used 6656K [0x000000078ab00000, 0x0000000797800000, 0x00000007c0000000)
  eden space 81920K, 0% used [0x000000078ab00000,0x000000078ab00000,0x000000078fb00000)
  from space 6656K, 100% used [0x000000078fb00000,0x0000000790180000,0x0000000790180000)
  to   space 23040K, 0% used [0x0000000796180000,0x0000000796180000,0x0000000797800000)
 ParOldGen       total 109568K, used 38483K [0x0000000720000000, 0x0000000726b00000, 0x000000078ab00000)
  object space 109568K, 35% used [0x0000000720000000,0x0000000722594eb8,0x0000000726b00000)
 Metaspace       used 18686K, capacity 18952K, committed 19200K, reserved 1067008K
  class space    used 2464K, capacity 2550K, committed 2560K, reserved 1048576K
}
Event: 9.205 GC heap before
{Heap before GC invocations=6 (full 0):
 PSYoungGen      total 88576K, used 24509K [0x000000078ab00000, 0x0000000797800000, 0x00000007c0000000)
  eden space 81920K, 21% used [0x000000078ab00000,0x000000078bc6f590,0x000000078fb00000)
  from space 6656K, 100% used [0x000000078fb00000,0x0000000790180000,0x0000000790180000)
  to   space 23040K, 0% used [0x0000000796180000,0x0000000796180000,0x0000000797800000)
 ParOldGen       total 109568K, used 38483K [0x0000000720000000, 0x0000000726b00000, 0x000000078ab00000)
  object space 109568K, 35% used [0x0000000720000000,0x0000000722594eb8,0x0000000726b00000)
 Metaspace       used 20841K, capacity 21074K, committed 21248K, reserved 1067008K
  class space    used 2719K, capacity 2809K, committed 2816K, reserved 1048576K
Event: 9.237 GC heap after
Heap after GC invocations=6 (full 0):
 PSYoungGen      total 185856K, used 9271K [0x000000078ab00000, 0x0000000797700000, 0x00000007c0000000)
  eden space 163840K, 0% used [0x000000078ab00000,0x000000078ab00000,0x0000000794b00000)
  from space 22016K, 42% used [0x0000000796180000,0x0000000796a8dd88,0x0000000797700000)
  to   space 22528K, 0% used [0x0000000794b00000,0x0000000794b00000,0x0000000796100000)
 ParOldGen       total 109568K, used 38491K [0x0000000720000000, 0x0000000726b00000, 0x000000078ab00000)
  object space 109568K, 35% used [0x0000000720000000,0x0000000722596eb8,0x0000000726b00000)
 Metaspace       used 20841K, capacity 21074K, committed 21248K, reserved 1067008K
  class space    used 2719K, capacity 2809K, committed 2816K, reserved 1048576K
}
Event: 9.238 GC heap before
{Heap before GC invocations=7 (full 1):
 PSYoungGen      total 185856K, used 9271K [0x000000078ab00000, 0x0000000797700000, 0x00000007c0000000)
  eden space 163840K, 0% used [0x000000078ab00000,0x000000078ab00000,0x0000000794b00000)
  from space 22016K, 42% used [0x0000000796180000,0x0000000796a8dd88,0x0000000797700000)
  to   space 22528K, 0% used [0x0000000794b00000,0x0000000794b00000,0x0000000796100000)
 ParOldGen       total 109568K, used 38491K [0x0000000720000000, 0x0000000726b00000, 0x000000078ab00000)
  object space 109568K, 35% used [0x0000000720000000,0x0000000722596eb8,0x0000000726b00000)
 Metaspace       used 20841K, capacity 21074K, committed 21248K, reserved 1067008K
  class space    used 2719K, capacity 2809K, committed 2816K, reserved 1048576K

